<?xml version="1.0" encoding="UTF-8"?>
<testng-results ignored="0" total="1" passed="1" failed="0" skipped="0">
  <reporter-output>
  </reporter-output>
  <suite started-at="2022-12-25T17:55:15 IST" name="Default suite" finished-at="2022-12-25T17:55:24 IST" duration-ms="8784">
    <groups>
    </groups>
    <test started-at="2022-12-25T17:55:15 IST" name="Default test" finished-at="2022-12-25T17:55:24 IST" duration-ms="8784">
      <class name="TestCases.ScenarioOne">
        <test-method signature="test()[pri:0, instance:TestCases.ScenarioOne@3e84448c]" started-at="2022-12-25T17:55:15 IST" name="test" finished-at="2022-12-25T17:55:24 IST" duration-ms="8752" status="PASS">
          <reporter-output>
          </reporter-output>
        </test-method> <!-- test -->
      </class> <!-- TestCases.ScenarioOne -->
    </test> <!-- Default test -->
  </suite> <!-- Default suite -->
</testng-results>
